Base path: '/Applications/Unity/Hub/Editor/2019.4.12f1/Unity.app/Contents', plugins path '/Applications/Unity/Hub/Editor/2019.4.12f1/PlaybackEngines'
Cmd: initializeCompiler
Cmd: initializeCompiler
Cmd: compileComputeKernel
  api=14 insize=18731 outsize=9597 ok=1
Cmd: compileComputeKernel
  api=14 insize=18731 outsize=9901 ok=1
Cmd: compileComputeKernel
  api=14 insize=18731 outsize=11742 ok=1
Cmd: translateComputeKernel
  api=14 insize=9370 outsize=16172 ok=1
Cmd: translateComputeKernel
  api=14 insize=9375 outsize=16177 ok=1
Cmd: translateComputeKernel
  api=14 insize=11742 outsize=25442 ok=1
Cmd: translateComputeKernel
  api=14 insize=1348 outsize=1437 ok=1
Cmd: compileComputeKernel
  api=14 insize=5032 outsize=5116 ok=1
Cmd: translateComputeKernel
  api=14 insize=5372 outsize=7542 ok=1
Cmd: compileComputeKernel
  api=14 insize=1864 outsize=1997 ok=1
Cmd: translateComputeKernel
  api=14 insize=1997 outsize=3394 ok=1
Cmd: translateComputeKernel
  api=14 insize=48832 outsize=85732 ok=1
Cmd: compileComputeKernel
  api=14 insize=11176 outsize=11445 ok=1
Cmd: translateComputeKernel
  api=14 insize=10700 outsize=18707 ok=1
Cmd: compileComputeKernel
  api=14 insize=2134 outsize=812 ok=1
Cmd: translateComputeKernel
  api=14 insize=865 outsize=676 ok=1
Cmd: compileComputeKernel
  api=14 insize=3532 outsize=3386 ok=1
Cmd: compileComputeKernel
  api=14 insize=5591 outsize=6993 ok=1
Cmd: compileSnippet
  api=14 type=1 insize=4008 outsize=27986 kw=FXAA pd=UNITY_ENABLE_REFLECTION_BUFFERS UNITY_USE_DITHER_MASK_FOR_ALPHABLENDED_SHADOWS UNITY_PBS_USE_BRDF1 UNITY_SPECCUBE_BOX_PROJECTION UNITY_SPECCUBE_BLENDING UNITY_ENABLE_DETAIL_NORMALMAP SHADER_API_DESKTOP UNITY_COLORSPACE_GAMMA UNITY_LIGHT_PROBE_PROXY_VOLUME UNITY_LIGHTMAP_FULL_HDR ok=1
